<?xml version="1.0" encoding="UTF-8"?>
<!-- Generated by org.testng.reporters.JUnitXMLReporter -->
<testsuite ignored="2" hostname="DESKTOP-8QFFSKO" failures="0" tests="2" name="Test(failed)(failed)" time="0.169" errors="0" timestamp="2022-07-27T11:29:56 IST">
  <testcase classname="testNGXML_Study.FailTCExecution2" name="TC5" time="0.032"/>
  <testcase classname="testNGXML_Study.FailTCExecution2" name="TC7" time="0.013"/>
  <testcase classname="testNGXML_Study.FailTCExecution2" name="TC6" time="0.0">
    <ignored/>
  </testcase> <!-- TC6 -->
  <testcase classname="testNGXML_Study.FailTCExecution2" name="TC8" time="0.0">
    <ignored/>
  </testcase> <!-- TC8 -->
</testsuite> <!-- Test(failed)(failed) -->
