<?xml version="1.0" encoding="UTF-8"?>
<!-- Generated by org.testng.reporters.JUnitXMLReporter -->
<testsuite ignored="0" hostname="DESKTOP-8QFFSKO" failures="2" tests="6" name="Test" time="0.258" errors="0" timestamp="2022-08-05T13:27:54 IST">
  <testcase classname="TestNGlistener.DemoClass2" name="myMehod5" time="0.032">
    <failure type="java.lang.AssertionError" message="null">
      <![CDATA[java.lang.AssertionError: null
at TestNGlistener.DemoClass2.myMehod5(DemoClass2.java:19)
at java.base/java.util.ArrayList.forEach(ArrayList.java:1541)
... Removed 29 stack frames]]>
    </failure>
  </testcase> <!-- myMehod5 -->
  <testcase classname="TestNGlistener.DemoClass2" name="myMethod4" time="0.005"/>
  <testcase classname="TestNGlistener.DemoClass2" name="myMehod6" time="0.0">
    <skipped/>
  </testcase> <!-- myMehod6 -->
  <testcase classname="TestNGlistener.DemoClass" name="myMethod1" time="0.004"/>
  <testcase classname="TestNGlistener.DemoClass" name="myMethod2" time="0.004">
    <failure type="java.lang.AssertionError" message="null">
      <![CDATA[java.lang.AssertionError: null
at TestNGlistener.DemoClass.myMethod2(DemoClass.java:19)
at java.base/java.util.ArrayList.forEach(ArrayList.java:1541)
... Removed 29 stack frames]]>
    </failure>
  </testcase> <!-- myMethod2 -->
  <testcase classname="TestNGlistener.DemoClass" name="myMethod3" time="0.0">
    <skipped/>
  </testcase> <!-- myMethod3 -->
</testsuite> <!-- Test -->
