<?xml version="1.0" encoding="UTF-8"?>
<!-- Generated by org.testng.reporters.JUnitXMLReporter -->
<testsuite ignored="3" hostname="DESKTOP-8QFFSKO" failures="0" tests="1" name="Test(failed)" time="0.146" errors="0" timestamp="2022-07-29T09:43:48 IST">
  <testcase classname="testNGXML_Study.FailTCExecution2" name="TC7" time="0.023"/>
  <testcase classname="testNGXML_Study.FailTCExecution2" name="TC5" time="0.0">
    <ignored/>
  </testcase> <!-- TC5 -->
  <testcase classname="testNGXML_Study.FailTCExecution2" name="TC6" time="0.0">
    <ignored/>
  </testcase> <!-- TC6 -->
  <testcase classname="testNGXML_Study.FailTCExecution2" name="TC8" time="0.0">
    <ignored/>
  </testcase> <!-- TC8 -->
</testsuite> <!-- Test(failed) -->
